<?xml version="1.0" encoding="UTF-8"?>
<!-- Generated by org.testng.reporters.JUnitReportReporter -->
<testsuite skipped="0" hostname="DESKTOP-R0E3FHG" name="org.sel.test.InvocationCount" tests="1" failures="0" timestamp="01 May 2019 18:11:07 GMT" time="5.958" errors="0">
  <testcase name="GoogleLinkTest" time="5.958" classname="org.sel.test.InvocationCount"/>
</testsuite> <!-- org.sel.test.InvocationCount -->
