<?xml version="1.0" encoding="UTF-8"?>
<!-- Generated by org.testng.reporters.JUnitReportReporter -->
<testsuite skipped="0" hostname="DESKTOP-R0E3FHG" name="org.sel.test.GoogleTest" tests="2" failures="0" timestamp="01 May 2019 18:11:07 GMT" time="12.342" errors="0">
  <testcase name="googleLogoTest" time="6.371" classname="org.sel.test.GoogleTest"/>
  <testcase name="googleLogoTest" time="5.971" classname="org.sel.test.GoogleTest"/>
</testsuite> <!-- org.sel.test.GoogleTest -->
